# JRE version: OpenJDK Runtime Environment Temurin-21.0.4+7 (21.0.4+7) (build 21.0.4+7-LTS)
# Java VM: OpenJDK 64-Bit Server VM Temurin-21.0.4+7 (21.0.4+7-LTS, mixed mode, sharing, tiered, compressed oops, compressed class ptrs, g1 gc, windows-amd64)
GC Precious Log:
 CardTable entry size: 512
 Card Set container configuration: InlinePtr #cards 4 size 8 Array Of Cards #cards 16 size 48 Howl #buckets 8 coarsen threshold 3686 Howl Bitmap #cards 512 size 80 coarsen threshold 460 Card regions per heap region 1 cards per card region 4096
 CPUs: 12 total, 12 available
 Memory: 16069M
 Large Page Support: Disabled
 NUMA Support: Disabled
 Compressed Oops: Enabled (Zero based)
 Heap Region Size: 2M
 Heap Min Capacity: 8M
 Heap Initial Capacity: 252M
 Heap Max Capacity: 4018M
 Pre-touch: Disabled
 Parallel Workers: 10
 Concurrent Workers: 3
 Concurrent Refinement Workers: 10
 Periodic GC: Disabled
Heap:
 garbage-first heap   total 716800K, used 112765K [0x0000000704e00000, 0x0000000800000000)
  region size 2048K, 1 young (2048K), 1 survivors (2048K)
 Metaspace       used 13390K, committed 13760K, reserved 1114112K
  class space    used 1236K, committed 1408K, reserved 1048576K
GC Heap History (20 events):
Event: 41571.499 GC heap after
{Heap after GC invocations=1333 (full 592):
 garbage-first heap   total 397312K, used 109953K [0x0000000704e00000, 0x0000000800000000)
  region size 2048K, 1 young (2048K), 1 survivors (2048K)
 Metaspace       used 13390K, committed 13760K, reserved 1114112K
  class space    used 1236K, committed 1408K, reserved 1048576K
}
Event: 41571.503 GC heap before
{Heap before GC invocations=1333 (full 592):
 garbage-first heap   total 397312K, used 112001K [0x0000000704e00000, 0x0000000800000000)
  region size 2048K, 2 young (4096K), 1 survivors (2048K)
 Metaspace       used 13390K, committed 13760K, reserved 1114112K
  class space    used 1236K, committed 1408K, reserved 1048576K
}
Event: 41571.507 GC heap after
{Heap after GC invocations=1334 (full 593):
 garbage-first heap   total 397312K, used 109943K [0x0000000704e00000, 0x0000000800000000)
  region size 2048K, 0 young (0K), 0 survivors (0K)
 Metaspace       used 13390K, committed 13760K, reserved 1114112K
  class space    used 1236K, committed 1408K, reserved 1048576K
}
Event: 41571.513 GC heap before
{Heap before GC invocations=1334 (full 593):
 garbage-first heap   total 397312K, used 109943K [0x0000000704e00000, 0x0000000800000000)
  region size 2048K, 1 young (2048K), 0 survivors (0K)
 Metaspace       used 13390K, committed 13760K, reserved 1114112K
  class space    used 1236K, committed 1408K, reserved 1048576K
}
Event: 41571.516 GC heap after
{Heap after GC invocations=1335 (full 593):
 garbage-first heap   total 1191936K, used 109949K [0x0000000704e00000, 0x0000000800000000)
  region size 2048K, 1 young (2048K), 1 survivors (2048K)
 Metaspace       used 13390K, committed 13760K, reserved 1114112K
  class space    used 1236K, committed 1408K, reserved 1048576K
}
Event: 41571.563 GC heap before
{Heap before GC invocations=1336 (full 593):
 garbage-first heap   total 409600K, used 114045K [0x0000000704e00000, 0x0000000800000000)
  region size 2048K, 3 young (6144K), 1 survivors (2048K)
 Metaspace       used 13390K, committed 13760K, reserved 1114112K
  class space    used 1236K, committed 1408K, reserved 1048576K
}
Event: 41571.569 GC heap after
{Heap after GC invocations=1337 (full 594):
 garbage-first heap   total 397312K, used 109943K [0x0000000704e00000, 0x0000000800000000)
  region size 2048K, 0 young (0K), 0 survivors (0K)
 Metaspace       used 13390K, committed 13760K, reserved 1114112K
  class space    used 1236K, committed 1408K, reserved 1048576K
}
Event: 41571.592 GC heap before
{Heap before GC invocations=1337 (full 594):
 garbage-first heap   total 397312K, used 111991K [0x0000000704e00000, 0x0000000800000000)
  region size 2048K, 2 young (4096K), 0 survivors (0K)
 Metaspace       used 13390K, committed 13760K, reserved 1114112K
  class space    used 1236K, committed 1408K, reserved 1048576K
}
Event: 41571.592 GC heap after
{Heap after GC invocations=1338 (full 594):
 garbage-first heap   total 397312K, used 109947K [0x0000000704e00000, 0x0000000800000000)
  region size 2048K, 1 young (2048K), 1 survivors (2048K)
 Metaspace       used 13390K, committed 13760K, reserved 1114112K
  class space    used 1236K, committed 1408K, reserved 1048576K
}
Event: 41571.603 GC heap before
{Heap before GC invocations=1339 (full 594):
 garbage-first heap   total 397312K, used 114043K [0x0000000704e00000, 0x0000000800000000)
  region size 2048K, 3 young (6144K), 1 survivors (2048K)
 Metaspace       used 13390K, committed 13760K, reserved 1114112K
  class space    used 1236K, committed 1408K, reserved 1048576K
}
Event: 41571.607 GC heap after
{Heap after GC invocations=1340 (full 595):
 garbage-first heap   total 397312K, used 109943K [0x0000000704e00000, 0x0000000800000000)
  region size 2048K, 0 young (0K), 0 survivors (0K)
 Metaspace       used 13390K, committed 13760K, reserved 1114112K
  class space    used 1236K, committed 1408K, reserved 1048576K
}
Event: 41571.623 GC heap before
{Heap before GC invocations=1340 (full 595):
 garbage-first heap   total 397312K, used 109943K [0x0000000704e00000, 0x0000000800000000)
  region size 2048K, 1 young (2048K), 0 survivors (0K)
 Metaspace       used 13390K, committed 13760K, reserved 1114112K
  class space    used 1236K, committed 1408K, reserved 1048576K
}
Event: 41571.624 GC heap after
{Heap after GC invocations=1341 (full 595):
 garbage-first heap   total 397312K, used 109945K [0x0000000704e00000, 0x0000000800000000)
  region size 2048K, 1 young (2048K), 1 survivors (2048K)
 Metaspace       used 13390K, committed 13760K, reserved 1114112K
  class space    used 1236K, committed 1408K, reserved 1048576K
}
Event: 41575.152 GC heap before
{Heap before GC invocations=1342 (full 595):
 garbage-first heap   total 421888K, used 408953K [0x0000000704e00000, 0x0000000800000000)
  region size 2048K, 7 young (14336K), 1 survivors (2048K)
 Metaspace       used 13390K, committed 13760K, reserved 1114112K
  class space    used 1236K, committed 1408K, reserved 1048576K
}
Event: 41575.153 GC heap after
{Heap after GC invocations=1343 (full 595):
 garbage-first heap   total 423936K, used 145344K [0x0000000704e00000, 0x0000000800000000)
  region size 2048K, 1 young (2048K), 1 survivors (2048K)
 Metaspace       used 13390K, committed 13760K, reserved 1114112K
  class space    used 1236K, committed 1408K, reserved 1048576K
}
Event: 41579.593 GC heap before
{Heap before GC invocations=1343 (full 595):
 garbage-first heap   total 712704K, used 700352K [0x0000000704e00000, 0x0000000800000000)
  region size 2048K, 8 young (16384K), 1 survivors (2048K)
 Metaspace       used 13390K, committed 13760K, reserved 1114112K
  class space    used 1236K, committed 1408K, reserved 1048576K
}
Event: 41579.595 GC heap after
{Heap after GC invocations=1344 (full 595):
 garbage-first heap   total 716800K, used 143481K [0x0000000704e00000, 0x0000000800000000)
  region size 2048K, 1 young (2048K), 1 survivors (2048K)
 Metaspace       used 13390K, committed 13760K, reserved 1114112K
  class space    used 1236K, committed 1408K, reserved 1048576K
}
Event: 41579.608 GC heap before
{Heap before GC invocations=1344 (full 595):
 garbage-first heap   total 716800K, used 143481K [0x0000000704e00000, 0x0000000800000000)
  region size 2048K, 2 young (4096K), 1 survivors (2048K)
 Metaspace       used 13390K, committed 13760K, reserved 1114112K
  class space    used 1236K, committed 1408K, reserved 1048576K
}
Event: 41579.609 GC heap after
{Heap after GC invocations=1345 (full 595):
 garbage-first heap   total 716800K, used 115054K [0x0000000704e00000, 0x0000000800000000)
  region size 2048K, 1 young (2048K), 1 survivors (2048K)
 Metaspace       used 13390K, committed 13760K, reserved 1114112K
  class space    used 1236K, committed 1408K, reserved 1048576K
}
Event: 41583.947 GC heap before
{Heap before GC invocations=1346 (full 595):
 garbage-first heap   total 661504K, used 651630K [0x0000000704e00000, 0x0000000800000000)
  region size 2048K, 3 young (6144K), 1 survivors (2048K)
 Metaspace       used 13390K, committed 13760K, reserved 1114112K
  class space    used 1236K, committed 1408K, reserved 1048576K
}

