# JRE version: OpenJDK Runtime Environment Temurin-21.0.4+7 (21.0.4+7) (build 21.0.4+7-LTS)
# Java VM: OpenJDK 64-Bit Server VM Temurin-21.0.4+7 (21.0.4+7-LTS, mixed mode, sharing, tiered, compressed oops, compressed class ptrs, g1 gc, windows-amd64)
GC Precious Log:
 CardTable entry size: 512
 Card Set container configuration: InlinePtr #cards 4 size 8 Array Of Cards #cards 16 size 48 Howl #buckets 8 coarsen threshold 3686 Howl Bitmap #cards 512 size 80 coarsen threshold 460 Card regions per heap region 1 cards per card region 4096
 CPUs: 12 total, 12 available
 Memory: 16069M
 Large Page Support: Disabled
 NUMA Support: Disabled
 Compressed Oops: Enabled (Zero based)
 Heap Region Size: 2M
 Heap Min Capacity: 8M
 Heap Initial Capacity: 252M
 Heap Max Capacity: 4018M
 Pre-touch: Disabled
 Parallel Workers: 10
 Concurrent Workers: 3
 Concurrent Refinement Workers: 10
 Periodic GC: Disabled
Heap:
 garbage-first heap   total 311296K, used 303114K [0x0000000704e00000, 0x0000000800000000)
  region size 2048K, 3 young (6144K), 1 survivors (2048K)
 Metaspace       used 10466K, committed 10688K, reserved 1114112K
  class space    used 1020K, committed 1152K, reserved 1048576K
GC Heap History (20 events):
Event: 2.352 GC heap before
{Heap before GC invocations=2 (full 0):
 garbage-first heap   total 258048K, used 46924K [0x0000000704e00000, 0x0000000800000000)
  region size 2048K, 6 young (12288K), 1 survivors (2048K)
 Metaspace       used 10038K, committed 10304K, reserved 1114112K
  class space    used 995K, committed 1088K, reserved 1048576K
}
Event: 2.353 GC heap after
{Heap after GC invocations=3 (full 0):
 garbage-first heap   total 258048K, used 38923K [0x0000000704e00000, 0x0000000800000000)
  region size 2048K, 1 young (2048K), 1 survivors (2048K)
 Metaspace       used 10038K, committed 10304K, reserved 1114112K
  class space    used 995K, committed 1088K, reserved 1048576K
}
Event: 2.424 GC heap before
{Heap before GC invocations=3 (full 0):
 garbage-first heap   total 258048K, used 57355K [0x0000000704e00000, 0x0000000800000000)
  region size 2048K, 4 young (8192K), 1 survivors (2048K)
 Metaspace       used 10109K, committed 10368K, reserved 1114112K
  class space    used 1002K, committed 1152K, reserved 1048576K
}
Event: 2.431 GC heap after
{Heap after GC invocations=4 (full 1):
 garbage-first heap   total 69632K, used 14207K [0x0000000704e00000, 0x0000000800000000)
  region size 2048K, 0 young (0K), 0 survivors (0K)
 Metaspace       used 10109K, committed 10368K, reserved 1114112K
  class space    used 1002K, committed 1152K, reserved 1048576K
}
Event: 13.539 GC heap before
{Heap before GC invocations=4 (full 1):
 garbage-first heap   total 69632K, used 26495K [0x0000000704e00000, 0x0000000800000000)
  region size 2048K, 2 young (4096K), 0 survivors (0K)
 Metaspace       used 10238K, committed 10496K, reserved 1114112K
  class space    used 1010K, committed 1152K, reserved 1048576K
}
Event: 13.541 GC heap after
{Heap after GC invocations=5 (full 1):
 garbage-first heap   total 69632K, used 14333K [0x0000000704e00000, 0x0000000800000000)
  region size 2048K, 1 young (2048K), 1 survivors (2048K)
 Metaspace       used 10238K, committed 10496K, reserved 1114112K
  class space    used 1010K, committed 1152K, reserved 1048576K
}
Event: 13.612 GC heap before
{Heap before GC invocations=5 (full 1):
 garbage-first heap   total 69632K, used 24573K [0x0000000704e00000, 0x0000000800000000)
  region size 2048K, 2 young (4096K), 1 survivors (2048K)
 Metaspace       used 10303K, committed 10624K, reserved 1114112K
  class space    used 1017K, committed 1152K, reserved 1048576K
}
Event: 13.614 GC heap after
{Heap after GC invocations=6 (full 1):
 garbage-first heap   total 69632K, used 14346K [0x0000000704e00000, 0x0000000800000000)
  region size 2048K, 1 young (2048K), 1 survivors (2048K)
 Metaspace       used 10303K, committed 10624K, reserved 1114112K
  class space    used 1017K, committed 1152K, reserved 1048576K
}
Event: 13.693 GC heap before
{Heap before GC invocations=6 (full 1):
 garbage-first heap   total 69632K, used 24586K [0x0000000704e00000, 0x0000000800000000)
  region size 2048K, 2 young (4096K), 1 survivors (2048K)
 Metaspace       used 10323K, committed 10624K, reserved 1114112K
  class space    used 1017K, committed 1152K, reserved 1048576K
}
Event: 13.694 GC heap after
{Heap after GC invocations=7 (full 1):
 garbage-first heap   total 69632K, used 14350K [0x0000000704e00000, 0x0000000800000000)
  region size 2048K, 1 young (2048K), 1 survivors (2048K)
 Metaspace       used 10323K, committed 10624K, reserved 1114112K
  class space    used 1017K, committed 1152K, reserved 1048576K
}
Event: 13.772 GC heap before
{Heap before GC invocations=7 (full 1):
 garbage-first heap   total 69632K, used 24590K [0x0000000704e00000, 0x0000000800000000)
  region size 2048K, 2 young (4096K), 1 survivors (2048K)
 Metaspace       used 10334K, committed 10624K, reserved 1114112K
  class space    used 1017K, committed 1152K, reserved 1048576K
}
Event: 13.774 GC heap after
{Heap after GC invocations=8 (full 1):
 garbage-first heap   total 69632K, used 14346K [0x0000000704e00000, 0x0000000800000000)
  region size 2048K, 1 young (2048K), 1 survivors (2048K)
 Metaspace       used 10334K, committed 10624K, reserved 1114112K
  class space    used 1017K, committed 1152K, reserved 1048576K
}
Event: 13.852 GC heap before
{Heap before GC invocations=8 (full 1):
 garbage-first heap   total 69632K, used 24586K [0x0000000704e00000, 0x0000000800000000)
  region size 2048K, 2 young (4096K), 1 survivors (2048K)
 Metaspace       used 10334K, committed 10624K, reserved 1114112K
  class space    used 1017K, committed 1152K, reserved 1048576K
}
Event: 13.854 GC heap after
{Heap after GC invocations=9 (full 1):
 garbage-first heap   total 98304K, used 14344K [0x0000000704e00000, 0x0000000800000000)
  region size 2048K, 1 young (2048K), 1 survivors (2048K)
 Metaspace       used 10334K, committed 10624K, reserved 1114112K
  class space    used 1017K, committed 1152K, reserved 1048576K
}
Event: 14.011 GC heap before
{Heap before GC invocations=9 (full 1):
 garbage-first heap   total 98304K, used 36872K [0x0000000704e00000, 0x0000000800000000)
  region size 2048K, 2 young (4096K), 1 survivors (2048K)
 Metaspace       used 10342K, committed 10624K, reserved 1114112K
  class space    used 1017K, committed 1152K, reserved 1048576K
}
Event: 14.012 GC heap after
{Heap after GC invocations=10 (full 1):
 garbage-first heap   total 98304K, used 16396K [0x0000000704e00000, 0x0000000800000000)
  region size 2048K, 1 young (2048K), 1 survivors (2048K)
 Metaspace       used 10342K, committed 10624K, reserved 1114112K
  class space    used 1017K, committed 1152K, reserved 1048576K
}
Event: 14.173 GC heap before
{Heap before GC invocations=10 (full 1):
 garbage-first heap   total 98304K, used 36876K [0x0000000704e00000, 0x0000000800000000)
  region size 2048K, 2 young (4096K), 1 survivors (2048K)
 Metaspace       used 10345K, committed 10624K, reserved 1114112K
  class space    used 1017K, committed 1152K, reserved 1048576K
}
Event: 14.174 GC heap after
{Heap after GC invocations=11 (full 1):
 garbage-first heap   total 98304K, used 16392K [0x0000000704e00000, 0x0000000800000000)
  region size 2048K, 1 young (2048K), 1 survivors (2048K)
 Metaspace       used 10345K, committed 10624K, reserved 1114112K
  class space    used 1017K, committed 1152K, reserved 1048576K
}
Event: 15.767 GC heap before
{Heap before GC invocations=12 (full 1):
 garbage-first heap   total 223232K, used 215048K [0x0000000704e00000, 0x0000000800000000)
  region size 2048K, 2 young (4096K), 1 survivors (2048K)
 Metaspace       used 10399K, committed 10688K, reserved 1114112K
  class space    used 1020K, committed 1152K, reserved 1048576K
}
Event: 15.768 GC heap after
{Heap after GC invocations=13 (full 1):
 garbage-first heap   total 225280K, used 16394K [0x0000000704e00000, 0x0000000800000000)
  region size 2048K, 1 young (2048K), 1 survivors (2048K)
 Metaspace       used 10399K, committed 10688K, reserved 1114112K
  class space    used 1020K, committed 1152K, reserved 1048576K
}

